<?xml version="1.0" encoding="UTF-8"?>
<!-- Generated by org.testng.reporters.JUnitReportReporter -->
<testsuite hostname="LAPTOP-6F62UB85" failures="0" tests="10" name="Ladder.Logincrm" time="30.752" errors="0" timestamp="2022-05-20T16:27:07 IST" skipped="0">
  <testcase classname="Ladder.Logincrm" name="loginApp" time="4.640"/>
  <system-out/>
  <testcase classname="Ladder.Logincrm" name="signupapp" time="7.243"/>
  <system-out/>
  <testcase classname="Ladder.Logincrm" name="searchupapp" time="3.149"/>
  <system-out/>
  <testcase classname="Ladder.Logincrm" name="Bedapp" time="7.119"/>
  <system-out/>
  <testcase classname="Ladder.Logincrm" name="Bedappcart" time="3.121"/>
  <system-out/>
  <testcase classname="Ladder.Logincrm" name="assertionaa" time="1.833"/>
  <system-out/>
  <testcase classname="Ladder.Logincrm" name="tvappcart" time="1.410"/>
  <system-out/>
  <testcase classname="Ladder.Logincrm" name="studyapp" time="1.426"/>
  <system-out/>
  <testcase classname="Ladder.Logincrm" name="aboutapp" time="0.518"/>
  <system-out/>
  <testcase classname="Ladder.Logincrm" name="infoapp" time="0.293"/>
  <system-out/>
</testsuite> <!-- Ladder.Logincrm -->
